<?xml version="1.0" encoding="UTF-8"?>
<testng-results skipped="0" failed="0" ignored="0" total="1" passed="1">
  <reporter-output>
  </reporter-output>
  <suite name="Default suite" duration-ms="76" started-at="2022-03-14T10:35:42Z" finished-at="2022-03-14T10:35:42Z">
    <groups>
    </groups>
    <test name="Default test" duration-ms="76" started-at="2022-03-14T10:35:42Z" finished-at="2022-03-14T10:35:42Z">
      <class name="demoGitHub.readDataFromTest">
        <test-method status="PASS" signature="read()[pri:0, instance:demoGitHub.readDataFromTest@58651fd0]" name="read" duration-ms="27" started-at="2022-03-14T10:35:42Z" finished-at="2022-03-14T10:35:42Z">
          <reporter-output>
          </reporter-output>
        </test-method> <!-- read -->
      </class> <!-- demoGitHub.readDataFromTest -->
    </test> <!-- Default test -->
  </suite> <!-- Default suite -->
</testng-results>
